# JRE version: OpenJDK Runtime Environment Temurin-17.0.3+7 (17.0.3+7) (build 17.0.3+7)
# Java VM: OpenJDK 64-Bit Server VM Temurin-17.0.3+7 (17.0.3+7, mixed mode, emulated-client, tiered, compressed oops, compressed class ptrs, g1 gc, windows-amd64)
GC Precious Log:
 CPUs: 4 total, 4 available
 Memory: 12203M
 Large Page Support: Disabled
 NUMA Support: Disabled
 Compressed Oops: Enabled (Zero based)
 Heap Region Size: 2M
 Heap Min Capacity: 8M
 Heap Initial Capacity: 192M
 Heap Max Capacity: 3052M
 Pre-touch: Disabled
 Parallel Workers: 4
 Concurrent Workers: 1
 Concurrent Refinement Workers: 4
 Periodic GC: Disabled
Heap:
 garbage-first heap   total 118784K, used 72164K [0x0000000741400000, 0x0000000800000000)
  region size 2048K, 32 young (65536K), 1 survivors (2048K)
 Metaspace       used 35740K, committed 36096K, reserved 1081344K
  class space    used 4485K, committed 4672K, reserved 1048576K
GC Heap History (14 events):
Event: 0.869 GC heap before
{Heap before GC invocations=0 (full 0):
 garbage-first heap   total 196608K, used 10240K [0x0000000741400000, 0x0000000800000000)
  region size 2048K, 6 young (12288K), 0 survivors (0K)
 Metaspace       used 12010K, committed 12160K, reserved 1064960K
  class space    used 1218K, committed 1280K, reserved 1048576K
}
Event: 0.873 GC heap after
{Heap after GC invocations=1 (full 0):
 garbage-first heap   total 196608K, used 5475K [0x0000000741400000, 0x0000000800000000)
  region size 2048K, 1 young (2048K), 1 survivors (2048K)
 Metaspace       used 12010K, committed 12160K, reserved 1064960K
  class space    used 1218K, committed 1280K, reserved 1048576K
}
Event: 1.141 GC heap before
{Heap before GC invocations=1 (full 0):
 garbage-first heap   total 196608K, used 11619K [0x0000000741400000, 0x0000000800000000)
  region size 2048K, 5 young (10240K), 1 survivors (2048K)
 Metaspace       used 15185K, committed 15424K, reserved 1064960K
  class space    used 1601K, committed 1728K, reserved 1048576K
}
Event: 1.145 GC heap after
{Heap after GC invocations=2 (full 0):
 garbage-first heap   total 196608K, used 6654K [0x0000000741400000, 0x0000000800000000)
  region size 2048K, 1 young (2048K), 1 survivors (2048K)
 Metaspace       used 15185K, committed 15424K, reserved 1064960K
  class space    used 1601K, committed 1728K, reserved 1048576K
}
Event: 1.598 GC heap before
{Heap before GC invocations=2 (full 0):
 garbage-first heap   total 196608K, used 27134K [0x0000000741400000, 0x0000000800000000)
  region size 2048K, 12 young (24576K), 1 survivors (2048K)
 Metaspace       used 19733K, committed 19968K, reserved 1073152K
  class space    used 2290K, committed 2432K, reserved 1048576K
}
Event: 1.602 GC heap after
{Heap after GC invocations=3 (full 0):
 garbage-first heap   total 196608K, used 8261K [0x0000000741400000, 0x0000000800000000)
  region size 2048K, 2 young (4096K), 2 survivors (4096K)
 Metaspace       used 19733K, committed 19968K, reserved 1073152K
  class space    used 2290K, committed 2432K, reserved 1048576K
}
Event: 1.663 GC heap before
{Heap before GC invocations=3 (full 0):
 garbage-first heap   total 196608K, used 14405K [0x0000000741400000, 0x0000000800000000)
  region size 2048K, 6 young (12288K), 2 survivors (4096K)
 Metaspace       used 21251K, committed 21504K, reserved 1073152K
  class space    used 2453K, committed 2624K, reserved 1048576K
}
Event: 1.667 GC heap after
{Heap after GC invocations=4 (full 0):
 garbage-first heap   total 196608K, used 8457K [0x0000000741400000, 0x0000000800000000)
  region size 2048K, 2 young (4096K), 2 survivors (4096K)
 Metaspace       used 21251K, committed 21504K, reserved 1073152K
  class space    used 2453K, committed 2624K, reserved 1048576K
}
Event: 2.014 GC heap before
{Heap before GC invocations=5 (full 0):
 garbage-first heap   total 40960K, used 26889K [0x0000000741400000, 0x0000000800000000)
  region size 2048K, 13 young (26624K), 2 survivors (4096K)
 Metaspace       used 25854K, committed 26112K, reserved 1073152K
  class space    used 3071K, committed 3200K, reserved 1048576K
}
Event: 2.020 GC heap after
{Heap after GC invocations=6 (full 0):
 garbage-first heap   total 40960K, used 9302K [0x0000000741400000, 0x0000000800000000)
  region size 2048K, 2 young (4096K), 2 survivors (4096K)
 Metaspace       used 25854K, committed 26112K, reserved 1073152K
  class space    used 3071K, committed 3200K, reserved 1048576K
}
Event: 2.058 GC heap before
{Heap before GC invocations=6 (full 0):
 garbage-first heap   total 40960K, used 11350K [0x0000000741400000, 0x0000000800000000)
  region size 2048K, 3 young (6144K), 2 survivors (4096K)
 Metaspace       used 26126K, committed 26368K, reserved 1073152K
  class space    used 3105K, committed 3200K, reserved 1048576K
}
Event: 2.065 GC heap after
{Heap after GC invocations=7 (full 0):
 garbage-first heap   total 40960K, used 10062K [0x0000000741400000, 0x0000000800000000)
  region size 2048K, 1 young (2048K), 1 survivors (2048K)
 Metaspace       used 26126K, committed 26368K, reserved 1073152K
  class space    used 3105K, committed 3200K, reserved 1048576K
}
Event: 2.422 GC heap before
{Heap before GC invocations=7 (full 0):
 garbage-first heap   total 40960K, used 24398K [0x0000000741400000, 0x0000000800000000)
  region size 2048K, 9 young (18432K), 1 survivors (2048K)
 Metaspace       used 27321K, committed 27584K, reserved 1073152K
  class space    used 3266K, committed 3392K, reserved 1048576K
}
Event: 2.424 GC heap after
{Heap after GC invocations=8 (full 0):
 garbage-first heap   total 118784K, used 10724K [0x0000000741400000, 0x0000000800000000)
  region size 2048K, 1 young (2048K), 1 survivors (2048K)
 Metaspace       used 27321K, committed 27584K, reserved 1073152K
  class space    used 3266K, committed 3392K, reserved 1048576K
}

